<?xml version="1.0" encoding="UTF-8"?>
<testng-results ignored="0" total="2" passed="1" failed="1" skipped="0">
  <reporter-output>
  </reporter-output>
  <suite started-at="2025-05-19T14:52:14 IST" name="TestNG Suite" finished-at="2025-05-19T14:52:55 IST" duration-ms="40384">
    <groups>
    </groups>
    <test started-at="2025-05-19T14:52:14 IST" name="user test" finished-at="2025-05-19T14:52:55 IST" duration-ms="40384">
      <class name="com.Goibibo.HomePageTest">
        <test-method is-config="true" signature="setDriverInContext(org.testng.ITestContext)[pri:0, instance:com.Goibibo.HomePageTest@662ac478]" started-at="2025-05-19T14:52:14 IST" name="setDriverInContext" finished-at="2025-05-19T14:52:22 IST" duration-ms="8020" status="PASS">
          <params>
            <param index="0">
              <value>
                <![CDATA[org.testng.TestRunner@6731787b]]>
              </value>
            </param>
          </params>
          <reporter-output>
          </reporter-output>
        </test-method> <!-- setDriverInContext -->
        <test-method is-config="true" signature="setDriverInContext(org.testng.ITestContext)[pri:0, instance:com.Goibibo.HomePageTest@662ac478]" started-at="2025-05-19T14:52:14 IST" name="setDriverInContext" finished-at="2025-05-19T14:52:22 IST" duration-ms="8020" status="PASS">
          <params>
            <param index="0">
              <value>
                <![CDATA[org.testng.TestRunner@6731787b]]>
              </value>
            </param>
          </params>
          <reporter-output>
          </reporter-output>
        </test-method> <!-- setDriverInContext -->
        <test-method signature="test1()[pri:1, instance:com.Goibibo.HomePageTest@662ac478]" started-at="2025-05-19T14:52:22 IST" name="test1" finished-at="2025-05-19T14:52:55 IST" duration-ms="32275" status="PASS">
          <reporter-output>
          </reporter-output>
        </test-method> <!-- test1 -->
        <test-method signature="test2()[pri:2, instance:com.Goibibo.HomePageTest@662ac478]" started-at="2025-05-19T14:52:22 IST" name="test2" finished-at="2025-05-19T14:52:22 IST" duration-ms="40" status="FAIL">
          <exception class="java.lang.AssertionError">
            <message>
              <![CDATA[expected [true] but found [false]]]>
            </message>
            <full-stacktrace>
              <![CDATA[java.lang.AssertionError: expected [true] but found [false]
at org.testng.Assert.fail(Assert.java:111)
at org.testng.Assert.failNotEquals(Assert.java:1590)
at org.testng.Assert.assertEqualsImpl(Assert.java:150)
at org.testng.Assert.assertEquals(Assert.java:132)
at org.testng.Assert.assertEquals(Assert.java:1079)
at org.testng.Assert.assertEquals(Assert.java:1043)
at org.testng.Assert.assertEquals(Assert.java:1089)
at pages.HomePage.test1(HomePage.java:112)
at com.Goibibo.HomePageTest.test2(HomePageTest.java:28)
at java.base/jdk.internal.reflect.DirectMethodHandleAccessor.invoke(DirectMethodHandleAccessor.java:103)
at java.base/java.lang.reflect.Method.invoke(Method.java:580)
at org.testng.internal.invokers.MethodInvocationHelper.invokeMethod(MethodInvocationHelper.java:141)
at org.testng.internal.invokers.TestInvoker.invokeMethod(TestInvoker.java:687)
at org.testng.internal.invokers.TestInvoker.invokeTestMethod(TestInvoker.java:230)
at org.testng.internal.invokers.MethodRunner.runInSequence(MethodRunner.java:63)
at org.testng.internal.invokers.TestInvoker$MethodInvocationAgent.invoke(TestInvoker.java:995)
at org.testng.internal.invokers.TestInvoker.invokeTestMethods(TestInvoker.java:203)
at org.testng.internal.invokers.TestMethodWorker.invokeTestMethods(TestMethodWorker.java:154)
at org.testng.internal.invokers.TestMethodWorker.run(TestMethodWorker.java:134)
at java.base/java.util.concurrent.Executors$RunnableAdapter.call(Executors.java:572)
at java.base/java.util.concurrent.FutureTask.run(FutureTask.java:317)
at org.testng.internal.thread.graph.TestNGFutureTask.run(TestNGFutureTask.java:22)
at java.base/java.util.concurrent.ThreadPoolExecutor.runWorker(ThreadPoolExecutor.java:1144)
at java.base/java.util.concurrent.ThreadPoolExecutor$Worker.run(ThreadPoolExecutor.java:642)
at java.base/java.lang.Thread.run(Thread.java:1583)
]]>
            </full-stacktrace>
          </exception> <!-- java.lang.AssertionError -->
          <reporter-output>
          </reporter-output>
        </test-method> <!-- test2 -->
      </class> <!-- com.Goibibo.HomePageTest -->
    </test> <!-- user test -->
  </suite> <!-- TestNG Suite -->
</testng-results>
