<?xml version="1.0" encoding="UTF-8"?>
<!-- Generated by org.testng.reporters.JUnitXMLReporter -->
<testsuite ignored="0" hostname="LAPTOP-C9SNNQ6K" failures="1" tests="1" name="user test" time="40.232" errors="0" timestamp="2025-05-16T15:01:27 IST">
  <testcase classname="com.Goibibo.HomePageTest" name="test1" time="34.484">
    <failure type="java.lang.AssertionError" message="expected [true] but found [false]">
      <![CDATA[java.lang.AssertionError: expected [true] but found [false]
at pages.HomePage.test1(HomePage.java:112)
at com.Goibibo.HomePageTest.test1(HomePageTest.java:22)
at java.base/java.util.concurrent.Executors$RunnableAdapter.call(Executors.java:572)
at java.base/java.util.concurrent.FutureTask.run(FutureTask.java:317)
at java.base/java.util.concurrent.ThreadPoolExecutor.runWorker(ThreadPoolExecutor.java:1144)
at java.base/java.util.concurrent.ThreadPoolExecutor$Worker.run(ThreadPoolExecutor.java:642)
at java.base/java.lang.Thread.run(Thread.java:1583)
... Removed 18 stack frames]]>
    </failure>
  </testcase> <!-- test1 -->
</testsuite> <!-- user test -->
