<?xml version="1.0" encoding="UTF-8"?>
<!-- Generated by org.testng.reporters.JUnitXMLReporter -->
<testsuite ignored="0" hostname="LAPTOP-C9SNNQ6K" failures="1" tests="2" name="user test" time="40.384" errors="0" timestamp="2025-05-19T14:52:55 IST">
  <testcase classname="com.Goibibo.HomePageTest" name="test2" time="0.04">
    <failure type="java.lang.AssertionError" message="expected [true] but found [false]">
      <![CDATA[java.lang.AssertionError: expected [true] but found [false]
at pages.HomePage.test1(HomePage.java:112)
at com.Goibibo.HomePageTest.test2(HomePageTest.java:28)
at java.base/java.util.concurrent.Executors$RunnableAdapter.call(Executors.java:572)
at java.base/java.util.concurrent.FutureTask.run(FutureTask.java:317)
at java.base/java.util.concurrent.ThreadPoolExecutor.runWorker(ThreadPoolExecutor.java:1144)
at java.base/java.util.concurrent.ThreadPoolExecutor$Worker.run(ThreadPoolExecutor.java:642)
at java.base/java.lang.Thread.run(Thread.java:1583)
... Removed 18 stack frames]]>
    </failure>
  </testcase> <!-- test2 -->
  <testcase classname="com.Goibibo.HomePageTest" name="test1" time="32.275"/>
</testsuite> <!-- user test -->
